mercredi 27 juin 2018, 16:37:32 (UTC+0200)
mercredi 27 juin 2018, 16:37:32 (UTC+0200)
mercredi 27 juin 2018, 16:37:32 (UTC+0200)
mercredi 27 juin 2018, 16:37:32 (UTC+0200)
mercredi 27 juin 2018, 16:37:32 (UTC+0200)
mercredi 27 juin 2018, 16:37:32 (UTC+0200)
mercredi 27 juin 2018, 16:37:32 (UTC+0200)
mercredi 27 juin 2018, 16:37:32 (UTC+0200)
['doalarm', '1800', 'python', 'mxc_run_ga_ea_mu_plus_lambda.py', '/cal/homes/lmillet/Projet-PAF/taskGenerationBaruah/NewSet_nbProc_4_prob_hi_0.6_period_min_105_max_100_utilization_min_0.05_max_0.9_ratio_min_0.5_max_4/Utilization_1.3/taskParameters_processor_4_2711321634379.txt', '/cal/homes/lmillet/Projet-PAF/taskGenerationBaruah/NewSet_nbProc_4_prob_hi_0.6_period_min_105_max_100_utilization_min_0.05_max_0.9_ratio_min_0.5_max_4/Utilization_1.3result.csv']
Traceback (most recent call last):
['doalarm', '1800', 'python', 'mxc_run_ga_ea_mu_plus_lambda.py', '/cal/homes/lmillet/Projet-PAF/taskGenerationBaruah/NewSet_nbProc_4_prob_hi_0.6_period_min_105_max_100_utilization_min_0.05_max_0.9_ratio_min_0.5_max_4/Utilization_0.8/taskParameters_processor_4_27112748906912.txt', '/cal/homes/lmillet/Projet-PAF/taskGenerationBaruah/NewSet_nbProc_4_prob_hi_0.6_period_min_105_max_100_utilization_min_0.05_max_0.9_ratio_min_0.5_max_4/Utilization_0.8result.csv']
['doalarm', '1800', 'python', 'mxc_run_ga_ea_mu_plus_lambda.py', '/cal/homes/lmillet/Projet-PAF/taskGenerationBaruah/NewSet_nbProc_4_prob_hi_0.6_period_min_105_max_100_utilization_min_0.05_max_0.9_ratio_min_0.5_max_4/Utilization_0.9/taskParameters_processor_4_27112856405026.txt', '/cal/homes/lmillet/Projet-PAF/taskGenerationBaruah/NewSet_nbProc_4_prob_hi_0.6_period_min_105_max_100_utilization_min_0.05_max_0.9_ratio_min_0.5_max_4/Utilization_0.9result.csv']
['doalarm', '1800', 'python', 'mxc_run_ga_ea_mu_plus_lambda.py', '/cal/homes/lmillet/Projet-PAF/taskGenerationBaruah/NewSet_nbProc_4_prob_hi_0.6_period_min_105_max_100_utilization_min_0.05_max_0.9_ratio_min_0.5_max_4/Utilization_0.6/taskParameters_processor_4_27112641908545.txt', '/cal/homes/lmillet/Projet-PAF/taskGenerationBaruah/NewSet_nbProc_4_prob_hi_0.6_period_min_105_max_100_utilization_min_0.05_max_0.9_ratio_min_0.5_max_4/Utilization_0.6result.csv']
['doalarm', '1800', 'python', 'mxc_run_ga_ea_mu_plus_lambda.py', '/cal/homes/lmillet/Projet-PAF/taskGenerationBaruah/NewSet_nbProc_4_prob_hi_0.6_period_min_105_max_100_utilization_min_0.05_max_0.9_ratio_min_0.5_max_4/Utilization_1.0/taskParameters_processor_4_27112954663655.txt', '/cal/homes/lmillet/Projet-PAF/taskGenerationBaruah/NewSet_nbProc_4_prob_hi_0.6_period_min_105_max_100_utilization_min_0.05_max_0.9_ratio_min_0.5_max_4/Utilization_1.0result.csv']
['doalarm', '1800', 'python', 'mxc_run_ga_ea_mu_plus_lambda.py', '/cal/homes/lmillet/Projet-PAF/taskGenerationBaruah/NewSet_nbProc_4_prob_hi_0.6_period_min_105_max_100_utilization_min_0.05_max_0.9_ratio_min_0.5_max_4/Utilization_1.2/taskParameters_processor_4_27113128646590.txt', '/cal/homes/lmillet/Projet-PAF/taskGenerationBaruah/NewSet_nbProc_4_prob_hi_0.6_period_min_105_max_100_utilization_min_0.05_max_0.9_ratio_min_0.5_max_4/Utilization_1.2result.csv']
  File "script_process_folder_mxc_run_ga_ea_mu_plus_lambda.py", line 45, in <module>
['doalarm', '1800', 'python', 'mxc_run_ga_ea_mu_plus_lambda.py', '/cal/homes/lmillet/Projet-PAF/taskGenerationBaruah/NewSet_nbProc_4_prob_hi_0.6_period_min_105_max_100_utilization_min_0.05_max_0.9_ratio_min_0.5_max_4/Utilization_0.7/taskParameters_processor_4_27112729462857.txt', '/cal/homes/lmillet/Projet-PAF/taskGenerationBaruah/NewSet_nbProc_4_prob_hi_0.6_period_min_105_max_100_utilization_min_0.05_max_0.9_ratio_min_0.5_max_4/Utilization_0.7result.csv']
['doalarm', '1800', 'python', 'mxc_run_ga_ea_mu_plus_lambda.py', '/cal/homes/lmillet/Projet-PAF/taskGenerationBaruah/NewSet_nbProc_4_prob_hi_0.6_period_min_105_max_100_utilization_min_0.05_max_0.9_ratio_min_0.5_max_4/Utilization_1.1/taskParameters_processor_4_27113046616996.txt', '/cal/homes/lmillet/Projet-PAF/taskGenerationBaruah/NewSet_nbProc_4_prob_hi_0.6_period_min_105_max_100_utilization_min_0.05_max_0.9_ratio_min_0.5_max_4/Utilization_1.1result.csv']
Traceback (most recent call last):
Traceback (most recent call last):
Traceback (most recent call last):
Traceback (most recent call last):
Traceback (most recent call last):
Traceback (most recent call last):
Traceback (most recent call last):
  File "script_process_folder_mxc_run_ga_ea_mu_plus_lambda.py", line 45, in <module>
  File "script_process_folder_mxc_run_ga_ea_mu_plus_lambda.py", line 45, in <module>
  File "script_process_folder_mxc_run_ga_ea_mu_plus_lambda.py", line 45, in <module>
  File "script_process_folder_mxc_run_ga_ea_mu_plus_lambda.py", line 45, in <module>
  File "script_process_folder_mxc_run_ga_ea_mu_plus_lambda.py", line 45, in <module>
  File "script_process_folder_mxc_run_ga_ea_mu_plus_lambda.py", line 45, in <module>
  File "script_process_folder_mxc_run_ga_ea_mu_plus_lambda.py", line 45, in <module>
    output = subprocess.check_output(["doalarm","1800","python","mxc_run_ga_ea_mu_plus_lambda.py",taskFilePath,resultExperimentFilePath],stderr=subprocess.STDOUT)#,stderr=sys.stdout.fileno())
  File "/usr/lib/python2.7/subprocess.py", line 212, in check_output
    output = subprocess.check_output(["doalarm","1800","python","mxc_run_ga_ea_mu_plus_lambda.py",taskFilePath,resultExperimentFilePath],stderr=subprocess.STDOUT)#,stderr=sys.stdout.fileno())
  File "/usr/lib/python2.7/subprocess.py", line 212, in check_output
    output = subprocess.check_output(["doalarm","1800","python","mxc_run_ga_ea_mu_plus_lambda.py",taskFilePath,resultExperimentFilePath],stderr=subprocess.STDOUT)#,stderr=sys.stdout.fileno())
  File "/usr/lib/python2.7/subprocess.py", line 212, in check_output
    process = Popen(stdout=PIPE, *popenargs, **kwargs)
  File "/usr/lib/python2.7/subprocess.py", line 390, in __init__
    process = Popen(stdout=PIPE, *popenargs, **kwargs)
          File "/usr/lib/python2.7/subprocess.py", line 390, in __init__
output = subprocess.check_output(["doalarm","1800","python","mxc_run_ga_ea_mu_plus_lambda.py",taskFilePath,resultExperimentFilePath],stderr=subprocess.STDOUT)#,stderr=sys.stdout.fileno())
    output = subprocess.check_output(["doalarm","1800","python","mxc_run_ga_ea_mu_plus_lambda.py",taskFilePath,resultExperimentFilePath],stderr=subprocess.STDOUT)#,stderr=sys.stdout.fileno())
process = Popen(stdout=PIPE, *popenargs, **kwargs)
  File "/usr/lib/python2.7/subprocess.py", line 390, in __init__
  File "/usr/lib/python2.7/subprocess.py", line 212, in check_output
  File "/usr/lib/python2.7/subprocess.py", line 212, in check_output
    output = subprocess.check_output(["doalarm","1800","python","mxc_run_ga_ea_mu_plus_lambda.py",taskFilePath,resultExperimentFilePath],stderr=subprocess.STDOUT)#,stderr=sys.stdout.fileno())
      File "/usr/lib/python2.7/subprocess.py", line 212, in check_output
    output = subprocess.check_output(["doalarm","1800","python","mxc_run_ga_ea_mu_plus_lambda.py",taskFilePath,resultExperimentFilePath],stderr=subprocess.STDOUT)#,stderr=sys.stdout.fileno())
output = subprocess.check_output(["doalarm","1800","python","mxc_run_ga_ea_mu_plus_lambda.py",taskFilePath,resultExperimentFilePath],stderr=subprocess.STDOUT)#,stderr=sys.stdout.fileno())
  File "/usr/lib/python2.7/subprocess.py", line 212, in check_output
  File "/usr/lib/python2.7/subprocess.py", line 212, in check_output
        process = Popen(stdout=PIPE, *popenargs, **kwargs)
process = Popen(stdout=PIPE, *popenargs, **kwargs)
      File "/usr/lib/python2.7/subprocess.py", line 390, in __init__
  File "/usr/lib/python2.7/subprocess.py", line 390, in __init__
errread, errwrite)
      File "/usr/lib/python2.7/subprocess.py", line 1024, in _execute_child
errread, errwrite)
  File "/usr/lib/python2.7/subprocess.py", line 1024, in _execute_child
        process = Popen(stdout=PIPE, *popenargs, **kwargs)
errread, errwrite)
  File "/usr/lib/python2.7/subprocess.py", line 390, in __init__
  File "/usr/lib/python2.7/subprocess.py", line 1024, in _execute_child
        process = Popen(stdout=PIPE, *popenargs, **kwargs)
process = Popen(stdout=PIPE, *popenargs, **kwargs)
  File "/usr/lib/python2.7/subprocess.py", line 390, in __init__
  File "/usr/lib/python2.7/subprocess.py", line 390, in __init__
        errread, errwrite)
errread, errwrite)
  File "/usr/lib/python2.7/subprocess.py", line 1024, in _execute_child
  File "/usr/lib/python2.7/subprocess.py", line 1024, in _execute_child
    errread, errwrite)
  File "/usr/lib/python2.7/subprocess.py", line 1024, in _execute_child
    errread, errwrite)
    errread, errwrite)
  File "/usr/lib/python2.7/subprocess.py", line 1024, in _execute_child
  File "/usr/lib/python2.7/subprocess.py", line 1024, in _execute_child
        raise child_exception
raise child_exception
OSErrorOSError    : : raise child_exception
[Errno 2] No such file or directory[Errno 2] No such file or directory

OSError: [Errno 2] No such file or directory
        raise child_exception
raise child_exception
OSErrorOSError    : : raise child_exception
[Errno 2] No such file or directory[Errno 2] No such file or directory

    OSErrorraise child_exception
    raise child_exception
: [Errno 2] No such file or directory
OSErrorOSError: [Errno 2] No such file or directory
: [Errno 2] No such file or directory
mercredi 27 juin 2018, 16:39:10 (UTC+0200)
['doalarm', '1800', 'python', 'mxc_run_ga_ea_mu_plus_lambda.py', '/cal/homes/lmillet/Projet-PAF/taskGenerationBaruah/NewSet_nbProc_4_prob_hi_0.6_period_min_105_max_100_utilization_min_0.05_max_0.9_ratio_min_0.5_max_4/Utilization_1.3/taskParameters_processor_4_2711321634379.txt', '/cal/homes/lmillet/Projet-PAF/taskGenerationBaruah/NewSet_nbProc_4_prob_hi_0.6_period_min_105_max_100_utilization_min_0.05_max_0.9_ratio_min_0.5_max_4/Utilization_1.3result.csv']
Traceback (most recent call last):
  File "script_process_folder_mxc_run_ga_ea_mu_plus_lambda.py", line 45, in <module>
    output = subprocess.check_output(["doalarm","1800","python","mxc_run_ga_ea_mu_plus_lambda.py",taskFilePath,resultExperimentFilePath],stderr=subprocess.STDOUT)#,stderr=sys.stdout.fileno())
  File "/usr/lib/python2.7/subprocess.py", line 212, in check_output
    process = Popen(stdout=PIPE, *popenargs, **kwargs)
  File "/usr/lib/python2.7/subprocess.py", line 390, in __init__
    errread, errwrite)
  File "/usr/lib/python2.7/subprocess.py", line 1024, in _execute_child
    raise child_exception
OSError: [Errno 2] No such file or directory
mercredi 27 juin 2018, 16:39:10 (UTC+0200)
mercredi 27 juin 2018, 16:39:10 (UTC+0200)
mercredi 27 juin 2018, 16:39:10 (UTC+0200)
['doalarm', '1800', 'python', 'mxc_run_ga_ea_mu_plus_lambda.py', '/cal/homes/lmillet/Projet-PAF/taskGenerationBaruah/NewSet_nbProc_4_prob_hi_0.6_period_min_105_max_100_utilization_min_0.05_max_0.9_ratio_min_0.5_max_4/Utilization_0.6/taskParameters_processor_4_27112641908545.txt', '/cal/homes/lmillet/Projet-PAF/taskGenerationBaruah/NewSet_nbProc_4_prob_hi_0.6_period_min_105_max_100_utilization_min_0.05_max_0.9_ratio_min_0.5_max_4/Utilization_0.6result.csv']
Traceback (most recent call last):
  File "script_process_folder_mxc_run_ga_ea_mu_plus_lambda.py", line 45, in <module>
    output = subprocess.check_output(["doalarm","1800","python","mxc_run_ga_ea_mu_plus_lambda.py",taskFilePath,resultExperimentFilePath],stderr=subprocess.STDOUT)#,stderr=sys.stdout.fileno())
  File "/usr/lib/python2.7/subprocess.py", line 212, in check_output
    process = Popen(stdout=PIPE, *popenargs, **kwargs)
  File "/usr/lib/python2.7/subprocess.py", line 390, in __init__
    errread, errwrite)
  File "/usr/lib/python2.7/subprocess.py", line 1024, in _execute_child
['doalarm', '1800', 'python', 'mxc_run_ga_ea_mu_plus_lambda.py', '/cal/homes/lmillet/Projet-PAF/taskGenerationBaruah/NewSet_nbProc_4_prob_hi_0.6_period_min_105_max_100_utilization_min_0.05_max_0.9_ratio_min_0.5_max_4/Utilization_0.9/taskParameters_processor_4_27112856405026.txt', '/cal/homes/lmillet/Projet-PAF/taskGenerationBaruah/NewSet_nbProc_4_prob_hi_0.6_period_min_105_max_100_utilization_min_0.05_max_0.9_ratio_min_0.5_max_4/Utilization_0.9result.csv']
Traceback (most recent call last):
  File "script_process_folder_mxc_run_ga_ea_mu_plus_lambda.py", line 45, in <module>
    output = subprocess.check_output(["doalarm","1800","python","mxc_run_ga_ea_mu_plus_lambda.py",taskFilePath,resultExperimentFilePath],stderr=subprocess.STDOUT)#,stderr=sys.stdout.fileno())
  File "/usr/lib/python2.7/subprocess.py", line 212, in check_output
    process = Popen(stdout=PIPE, *popenargs, **kwargs)
      File "/usr/lib/python2.7/subprocess.py", line 390, in __init__
raise child_exception
OSError: [Errno 2] No such file or directory
    errread, errwrite)
  File "/usr/lib/python2.7/subprocess.py", line 1024, in _execute_child
mercredi 27 juin 2018, 16:39:10 (UTC+0200)
mercredi 27 juin 2018, 16:39:10 (UTC+0200)
    raise child_exception
['doalarm', '1800', 'python', 'mxc_run_ga_ea_mu_plus_lambda.py', '/cal/homes/lmillet/Projet-PAF/taskGenerationBaruah/NewSet_nbProc_4_prob_hi_0.6_period_min_105_max_100_utilization_min_0.05_max_0.9_ratio_min_0.5_max_4/Utilization_0.8/taskParameters_processor_4_27112748906912.txt', '/cal/homes/lmillet/Projet-PAF/taskGenerationBaruah/NewSet_nbProc_4_prob_hi_0.6_period_min_105_max_100_utilization_min_0.05_max_0.9_ratio_min_0.5_max_4/Utilization_0.8result.csv']
Traceback (most recent call last):
OSError  File "script_process_folder_mxc_run_ga_ea_mu_plus_lambda.py", line 45, in <module>
mercredi 27 juin 2018, 16:39:10 (UTC+0200)
: mercredi 27 juin 2018, 16:39:10 (UTC+0200)
[Errno 2] No such file or directory
    output = subprocess.check_output(["doalarm","1800","python","mxc_run_ga_ea_mu_plus_lambda.py",taskFilePath,resultExperimentFilePath],stderr=subprocess.STDOUT)#,stderr=sys.stdout.fileno())
  File "/usr/lib/python2.7/subprocess.py", line 212, in check_output
    process = Popen(stdout=PIPE, *popenargs, **kwargs)
  File "/usr/lib/python2.7/subprocess.py", line 390, in __init__
    errread, errwrite)
  File "/usr/lib/python2.7/subprocess.py", line 1024, in _execute_child
    raise child_exception
OSError: [Errno 2] No such file or directory
['doalarm', '1800', 'python', 'mxc_run_ga_ea_mu_plus_lambda.py', '/cal/homes/lmillet/Projet-PAF/taskGenerationBaruah/NewSet_nbProc_4_prob_hi_0.6_period_min_105_max_100_utilization_min_0.05_max_0.9_ratio_min_0.5_max_4/Utilization_1.0/taskParameters_processor_4_27112954663655.txt', '/cal/homes/lmillet/Projet-PAF/taskGenerationBaruah/NewSet_nbProc_4_prob_hi_0.6_period_min_105_max_100_utilization_min_0.05_max_0.9_ratio_min_0.5_max_4/Utilization_1.0result.csv']
Traceback (most recent call last):
  File "script_process_folder_mxc_run_ga_ea_mu_plus_lambda.py", line 45, in <module>
    output = subprocess.check_output(["doalarm","1800","python","mxc_run_ga_ea_mu_plus_lambda.py",taskFilePath,resultExperimentFilePath],stderr=subprocess.STDOUT)#,stderr=sys.stdout.fileno())
  File "/usr/lib/python2.7/subprocess.py", line 212, in check_output
    process = Popen(stdout=PIPE, *popenargs, **kwargs)
  File "/usr/lib/python2.7/subprocess.py", line 390, in __init__
    errread, errwrite)
  File "/usr/lib/python2.7/subprocess.py", line 1024, in _execute_child
    raise child_exception
OSError: [Errno 2] No such file or directory
['doalarm', '1800', 'python', 'mxc_run_ga_ea_mu_plus_lambda.py', '/cal/homes/lmillet/Projet-PAF/taskGenerationBaruah/NewSet_nbProc_4_prob_hi_0.6_period_min_105_max_100_utilization_min_0.05_max_0.9_ratio_min_0.5_max_4/Utilization_0.7/taskParameters_processor_4_27112729462857.txt', '/cal/homes/lmillet/Projet-PAF/taskGenerationBaruah/NewSet_nbProc_4_prob_hi_0.6_period_min_105_max_100_utilization_min_0.05_max_0.9_ratio_min_0.5_max_4/Utilization_0.7result.csv']
Traceback (most recent call last):
  File "script_process_folder_mxc_run_ga_ea_mu_plus_lambda.py", line 45, in <module>
['doalarm', '1800', 'python', 'mxc_run_ga_ea_mu_plus_lambda.py', '/cal/homes/lmillet/Projet-PAF/taskGenerationBaruah/NewSet_nbProc_4_prob_hi_0.6_period_min_105_max_100_utilization_min_0.05_max_0.9_ratio_min_0.5_max_4/Utilization_1.1/taskParameters_processor_4_27113046616996.txt', '/cal/homes/lmillet/Projet-PAF/taskGenerationBaruah/NewSet_nbProc_4_prob_hi_0.6_period_min_105_max_100_utilization_min_0.05_max_0.9_ratio_min_0.5_max_4/Utilization_1.1result.csv']
Traceback (most recent call last):
  File "script_process_folder_mxc_run_ga_ea_mu_plus_lambda.py", line 45, in <module>
        output = subprocess.check_output(["doalarm","1800","python","mxc_run_ga_ea_mu_plus_lambda.py",taskFilePath,resultExperimentFilePath],stderr=subprocess.STDOUT)#,stderr=sys.stdout.fileno())
output = subprocess.check_output(["doalarm","1800","python","mxc_run_ga_ea_mu_plus_lambda.py",taskFilePath,resultExperimentFilePath],stderr=subprocess.STDOUT)#,stderr=sys.stdout.fileno())
  File "/usr/lib/python2.7/subprocess.py", line 212, in check_output
  File "/usr/lib/python2.7/subprocess.py", line 212, in check_output
    process = Popen(stdout=PIPE, *popenargs, **kwargs)
    process = Popen(stdout=PIPE, *popenargs, **kwargs)
  File "/usr/lib/python2.7/subprocess.py", line 390, in __init__
  File "/usr/lib/python2.7/subprocess.py", line 390, in __init__
    errread, errwrite)
  File "/usr/lib/python2.7/subprocess.py", line 1024, in _execute_child
    errread, errwrite)
  File "/usr/lib/python2.7/subprocess.py", line 1024, in _execute_child
    raise child_exception
OSError: [Errno 2] No such file or directory
    raise child_exception
OSError: [Errno 2] No such file or directory
['doalarm', '1800', 'python', 'mxc_run_ga_ea_mu_plus_lambda.py', '/cal/homes/lmillet/Projet-PAF/taskGenerationBaruah/NewSet_nbProc_4_prob_hi_0.6_period_min_105_max_100_utilization_min_0.05_max_0.9_ratio_min_0.5_max_4/Utilization_1.2/taskParameters_processor_4_27113128646590.txt', '/cal/homes/lmillet/Projet-PAF/taskGenerationBaruah/NewSet_nbProc_4_prob_hi_0.6_period_min_105_max_100_utilization_min_0.05_max_0.9_ratio_min_0.5_max_4/Utilization_1.2result.csv']
Traceback (most recent call last):
  File "script_process_folder_mxc_run_ga_ea_mu_plus_lambda.py", line 45, in <module>
    output = subprocess.check_output(["doalarm","1800","python","mxc_run_ga_ea_mu_plus_lambda.py",taskFilePath,resultExperimentFilePath],stderr=subprocess.STDOUT)#,stderr=sys.stdout.fileno())
  File "/usr/lib/python2.7/subprocess.py", line 212, in check_output
    process = Popen(stdout=PIPE, *popenargs, **kwargs)
  File "/usr/lib/python2.7/subprocess.py", line 390, in __init__
    errread, errwrite)
  File "/usr/lib/python2.7/subprocess.py", line 1024, in _execute_child
    raise child_exception
OSError: [Errno 2] No such file or directory
mercredi 27 juin 2018, 22:56:31 (UTC+0200)
mercredi 27 juin 2018, 22:56:31 (UTC+0200)
mercredi 27 juin 2018, 22:56:31 (UTC+0200)
['doalarm', '1800', 'python', 'mxc_run_ga_ea_mu_plus_lambda.py', '/cal/homes/lmillet/Projet-PAF/taskGenerationBaruah/Log_nbProc_4_prob_hi_0.7_period_10_100_util_0.05_0.9_ratio_0.5_4_log_uniform_500sets/Utilization_0.7/taskParameters_processor_4_27182617746541.txt', '/cal/homes/lmillet/Projet-PAF/taskGenerationBaruah/Log_nbProc_4_prob_hi_0.7_period_10_100_util_0.05_0.9_ratio_0.5_4_log_uniform_500sets/Utilization_0.7result.csv']
Traceback (most recent call last):
  File "script_process_folder_mxc_run_ga_ea_mu_plus_lambda.py", line 45, in <module>
['doalarm', '1800', 'python', 'mxc_run_ga_ea_mu_plus_lambda.py', '/cal/homes/lmillet/Projet-PAF/taskGenerationBaruah/Log_nbProc_4_prob_hi_0.7_period_10_100_util_0.05_0.9_ratio_0.5_4_log_uniform_500sets/Utilization_0.8/taskParameters_processor_4_27182636758182.txt', '/cal/homes/lmillet/Projet-PAF/taskGenerationBaruah/Log_nbProc_4_prob_hi_0.7_period_10_100_util_0.05_0.9_ratio_0.5_4_log_uniform_500sets/Utilization_0.8result.csv']
['doalarm', '1800', 'python', 'mxc_run_ga_ea_mu_plus_lambda.py', '/cal/homes/lmillet/Projet-PAF/taskGenerationBaruah/Log_nbProc_4_prob_hi_0.7_period_10_100_util_0.05_0.9_ratio_0.5_4_log_uniform_500sets/Utilization_0.6/taskParameters_processor_4_27182547536559.txt', '/cal/homes/lmillet/Projet-PAF/taskGenerationBaruah/Log_nbProc_4_prob_hi_0.7_period_10_100_util_0.05_0.9_ratio_0.5_4_log_uniform_500sets/Utilization_0.6result.csv']
Traceback (most recent call last):
Traceback (most recent call last):
  File "script_process_folder_mxc_run_ga_ea_mu_plus_lambda.py", line 45, in <module>
  File "script_process_folder_mxc_run_ga_ea_mu_plus_lambda.py", line 45, in <module>
    output = subprocess.check_output(["doalarm","1800","python","mxc_run_ga_ea_mu_plus_lambda.py",taskFilePath,resultExperimentFilePath],stderr=subprocess.STDOUT)#,stderr=sys.stdout.fileno())
  File "/usr/lib/python2.7/subprocess.py", line 212, in check_output
    output = subprocess.check_output(["doalarm","1800","python","mxc_run_ga_ea_mu_plus_lambda.py",taskFilePath,resultExperimentFilePath],stderr=subprocess.STDOUT)#,stderr=sys.stdout.fileno())
    process = Popen(stdout=PIPE, *popenargs, **kwargs)
  File "/usr/lib/python2.7/subprocess.py", line 212, in check_output
  File "/usr/lib/python2.7/subprocess.py", line 390, in __init__
    process = Popen(stdout=PIPE, *popenargs, **kwargs)
  File "/usr/lib/python2.7/subprocess.py", line 390, in __init__
    errread, errwrite)
  File "/usr/lib/python2.7/subprocess.py", line 1024, in _execute_child
    errread, errwrite)
  File "/usr/lib/python2.7/subprocess.py", line 1024, in _execute_child
    raise child_exception
OSError: [Errno 2] No such file or directory
    raise child_exception
OSError: [Errno 2] No such file or directory
    output = subprocess.check_output(["doalarm","1800","python","mxc_run_ga_ea_mu_plus_lambda.py",taskFilePath,resultExperimentFilePath],stderr=subprocess.STDOUT)#,stderr=sys.stdout.fileno())
  File "/usr/lib/python2.7/subprocess.py", line 212, in check_output
    process = Popen(stdout=PIPE, *popenargs, **kwargs)
  File "/usr/lib/python2.7/subprocess.py", line 390, in __init__
    errread, errwrite)
  File "/usr/lib/python2.7/subprocess.py", line 1024, in _execute_child
    raise child_exception
OSError: [Errno 2] No such file or directory
